<?xml version="1.0" encoding="UTF-8"?>
<testng-results ignored="0" total="1" passed="1" failed="0" skipped="0">
  <reporter-output>
  </reporter-output>
  <suite started-at="2022-05-16T15:49:45 IST" name="Suite" finished-at="2022-05-16T15:49:53 IST" duration-ms="8538">
    <groups>
    </groups>
    <test started-at="2022-05-16T15:49:45 IST" name="Test" finished-at="2022-05-16T15:49:53 IST" duration-ms="8538">
      <class name="org.example.google">
        <test-method signature="automation()[pri:0, instance:org.example.google@4ac3c60d]" started-at="2022-05-16T15:49:45 IST" name="automation" finished-at="2022-05-16T15:49:53 IST" duration-ms="8485" status="PASS">
          <reporter-output>
          </reporter-output>
        </test-method> <!-- automation -->
      </class> <!-- org.example.google -->
    </test> <!-- Test -->
  </suite> <!-- Suite -->
</testng-results>
